<?xml version="1.0" encoding="UTF-8"?>
<testsuite xmlns:xsi="http://www.w3.org/2001/XMLSchema-instance" xsi:noNamespaceSchemaLocation="https://maven.apache.org/surefire/maven-surefire-plugin/xsd/surefire-test-report.xsd" name="com.softtek.tests.RdlParsingTest" time="5.536" tests="1" errors="0" skipped="0" failures="0">
  <properties>
    <property name="sun.desktop" value="windows"/>
    <property name="awt.toolkit" value="sun.awt.windows.WToolkit"/>
    <property name="file.encoding.pkg" value="sun.io"/>
    <property name="java.specification.version" value="1.8"/>
    <property name="sun.cpu.isalist" value="amd64"/>
    <property name="sun.jnu.encoding" value="Cp1252"/>
    <property name="java.class.path" value="C:\Users\javier.perezb\.m2\repository\org\apache\maven\surefire\surefire-booter\2.22.1\surefire-booter-2.22.1.jar;C:\Users\javier.perezb\.m2\repository\org\apache\maven\surefire\surefire-api\2.22.1\surefire-api-2.22.1.jar;C:\Users\javier.perezb\.m2\repository\org\apache\maven\surefire\surefire-logger-api\2.22.1\surefire-logger-api-2.22.1.jar;C:\SOFTTEK\WorkSpaces\xtext-web-editor-jetty\com.softtek.Rdl.parent\com.softtek.Rdl\target\test-classes;C:\SOFTTEK\WorkSpaces\xtext-web-editor-jetty\com.softtek.Rdl.parent\com.softtek.Rdl\target\classes;C:\Users\javier.perezb\.m2\repository\org\junit\jupiter\junit-jupiter-api\5.3.1\junit-jupiter-api-5.3.1.jar;C:\Users\javier.perezb\.m2\repository\org\apiguardian\apiguardian-api\1.0.0\apiguardian-api-1.0.0.jar;C:\Users\javier.perezb\.m2\repository\org\opentest4j\opentest4j\1.1.1\opentest4j-1.1.1.jar;C:\Users\javier.perezb\.m2\repository\org\junit\platform\junit-platform-commons\1.3.1\junit-platform-commons-1.3.1.jar;C:\Users\javier.perezb\.m2\repository\org\junit\jupiter\junit-jupiter-engine\5.3.1\junit-jupiter-engine-5.3.1.jar;C:\Users\javier.perezb\.m2\repository\org\junit\platform\junit-platform-engine\1.3.1\junit-platform-engine-1.3.1.jar;C:\Users\javier.perezb\.m2\repository\org\eclipse\xtext\org.eclipse.xtext.testing\2.16.0\org.eclipse.xtext.testing-2.16.0.jar;C:\Users\javier.perezb\.m2\repository\org\eclipse\xtext\org.eclipse.xtext.ide\2.16.0\org.eclipse.xtext.ide-2.16.0.jar;C:\Users\javier.perezb\.m2\repository\org\eclipse\emf\org.eclipse.emf.ecore.change\2.11.0\org.eclipse.emf.ecore.change-2.11.0.jar;C:\Users\javier.perezb\.m2\repository\org\eclipse\lsp4j\org.eclipse.lsp4j\0.6.0\org.eclipse.lsp4j-0.6.0.jar;C:\Users\javier.perezb\.m2\repository\org\eclipse\lsp4j\org.eclipse.lsp4j.generator\0.6.0\org.eclipse.lsp4j.generator-0.6.0.jar;C:\Users\javier.perezb\.m2\repository\org\eclipse\lsp4j\org.eclipse.lsp4j.jsonrpc\0.6.0\org.eclipse.lsp4j.jsonrpc-0.6.0.jar;C:\Users\javier.perezb\.m2\repository\com\google\code\gson\gson\2.7\gson-2.7.jar;C:\Users\javier.perezb\.m2\repository\org\eclipse\xtext\org.eclipse.xtext.xbase.testing\2.16.0\org.eclipse.xtext.xbase.testing-2.16.0.jar;C:\Users\javier.perezb\.m2\repository\junit\junit\4.12\junit-4.12.jar;C:\Users\javier.perezb\.m2\repository\org\hamcrest\hamcrest-core\1.3\hamcrest-core-1.3.jar;C:\Users\javier.perezb\.m2\repository\org\eclipse\platform\org.eclipse.equinox.common\3.9.0\org.eclipse.equinox.common-3.9.0.jar;C:\Users\javier.perezb\.m2\repository\org\eclipse\platform\org.eclipse.core.runtime\3.13.0\org.eclipse.core.runtime-3.13.0.jar;C:\Users\javier.perezb\.m2\repository\org\eclipse\platform\org.eclipse.core.jobs\3.10.300\org.eclipse.core.jobs-3.10.300.jar;C:\Users\javier.perezb\.m2\repository\org\eclipse\platform\org.eclipse.equinox.registry\3.8.300\org.eclipse.equinox.registry-3.8.300.jar;C:\Users\javier.perezb\.m2\repository\org\eclipse\platform\org.eclipse.equinox.preferences\3.7.300\org.eclipse.equinox.preferences-3.7.300.jar;C:\Users\javier.perezb\.m2\repository\org\eclipse\platform\org.eclipse.core.contenttype\3.7.300\org.eclipse.core.contenttype-3.7.300.jar;C:\Users\javier.perezb\.m2\repository\org\eclipse\platform\org.eclipse.equinox.app\1.4.100\org.eclipse.equinox.app-1.4.100.jar;C:\Users\javier.perezb\.m2\repository\org\eclipse\jdt\org.eclipse.jdt.core\3.13.102\org.eclipse.jdt.core-3.13.102.jar;C:\Users\javier.perezb\.m2\repository\org\eclipse\platform\org.eclipse.core.resources\3.13.300\org.eclipse.core.resources-3.13.300.jar;C:\Users\javier.perezb\.m2\repository\org\eclipse\platform\org.eclipse.core.expressions\3.6.300\org.eclipse.core.expressions-3.6.300.jar;C:\Users\javier.perezb\.m2\repository\org\eclipse\platform\org.eclipse.core.filesystem\1.7.300\org.eclipse.core.filesystem-1.7.300.jar;C:\Users\javier.perezb\.m2\repository\org\eclipse\platform\org.eclipse.text\3.8.100\org.eclipse.text-3.8.100.jar;C:\Users\javier.perezb\.m2\repository\org\eclipse\platform\org.eclipse.core.commands\3.9.300\org.eclipse.core.commands-3.9.300.jar;C:\Users\javier.perezb\.m2\repository\org\eclipse\jdt\org.eclipse.jdt.compiler.apt\1.3.110\org.eclipse.jdt.compiler.apt-1.3.110.jar;C:\Users\javier.perezb\.m2\repository\org\eclipse\jdt\org.eclipse.jdt.compiler.tool\1.2.101\org.eclipse.jdt.compiler.tool-1.2.101.jar;C:\Users\javier.perezb\.m2\repository\org\eclipse\xtext\org.eclipse.xtext\2.16.0\org.eclipse.xtext-2.16.0.jar;C:\Users\javier.perezb\.m2\repository\org\eclipse\xtext\org.eclipse.xtext.util\2.16.0\org.eclipse.xtext.util-2.16.0.jar;C:\Users\javier.perezb\.m2\repository\org\eclipse\emf\org.eclipse.emf.ecore\2.12.0\org.eclipse.emf.ecore-2.12.0.jar;C:\Users\javier.perezb\.m2\repository\org\eclipse\xtend\org.eclipse.xtend.lib\2.16.0\org.eclipse.xtend.lib-2.16.0.jar;C:\Users\javier.perezb\.m2\repository\org\eclipse\xtext\org.eclipse.xtext.xbase.lib\2.16.0\org.eclipse.xtext.xbase.lib-2.16.0.jar;C:\Users\javier.perezb\.m2\repository\org\eclipse\xtend\org.eclipse.xtend.lib.macro\2.16.0\org.eclipse.xtend.lib.macro-2.16.0.jar;C:\Users\javier.perezb\.m2\repository\log4j\log4j\1.2.16\log4j-1.2.16.jar;C:\Users\javier.perezb\.m2\repository\org\eclipse\platform\org.eclipse.osgi\3.12.100\org.eclipse.osgi-3.12.100.jar;C:\Users\javier.perezb\.m2\repository\org\eclipse\emf\org.eclipse.emf.common\2.12.0\org.eclipse.emf.common-2.12.0.jar;C:\Users\javier.perezb\.m2\repository\org\eclipse\emf\org.eclipse.emf.ecore.xmi\2.12.0\org.eclipse.emf.ecore.xmi-2.12.0.jar;C:\Users\javier.perezb\.m2\repository\com\google\inject\guice\3.0\guice-3.0.jar;C:\Users\javier.perezb\.m2\repository\javax\inject\javax.inject\1\javax.inject-1.jar;C:\Users\javier.perezb\.m2\repository\aopalliance\aopalliance\1.0\aopalliance-1.0.jar;C:\Users\javier.perezb\.m2\repository\org\antlr\antlr-runtime\3.2\antlr-runtime-3.2.jar;C:\Users\javier.perezb\.m2\repository\org\eclipse\xtext\org.eclipse.xtext.xbase\2.16.0\org.eclipse.xtext.xbase-2.16.0.jar;C:\Users\javier.perezb\.m2\repository\org\eclipse\xtext\org.eclipse.xtext.common.types\2.16.0\org.eclipse.xtext.common.types-2.16.0.jar;C:\Users\javier.perezb\.m2\repository\org\ow2\asm\asm-commons\7.0\asm-commons-7.0.jar;C:\Users\javier.perezb\.m2\repository\org\ow2\asm\asm\7.0\asm-7.0.jar;C:\Users\javier.perezb\.m2\repository\org\ow2\asm\asm-tree\7.0\asm-tree-7.0.jar;C:\Users\javier.perezb\.m2\repository\org\ow2\asm\asm-analysis\7.0\asm-analysis-7.0.jar;C:\Users\javier.perezb\.m2\repository\org\eclipse\xtext\org.eclipse.xtext.xtext.generator\2.16.0\org.eclipse.xtext.xtext.generator-2.16.0.jar;C:\Users\javier.perezb\.m2\repository\org\eclipse\emf\org.eclipse.emf.codegen\2.11.0\org.eclipse.emf.codegen-2.11.0.jar;C:\Users\javier.perezb\.m2\repository\org\eclipse\emf\org.eclipse.emf.codegen.ecore\2.12.0\org.eclipse.emf.codegen.ecore-2.12.0.jar;C:\Users\javier.perezb\.m2\repository\org\eclipse\emf\org.eclipse.emf.mwe.utils\1.3.21.201705291010\org.eclipse.emf.mwe.utils-1.3.21.201705291010.jar;C:\Users\javier.perezb\.m2\repository\org\eclipse\emf\org.eclipse.emf.mwe.core\1.3.21.201705291010\org.eclipse.emf.mwe.core-1.3.21.201705291010.jar;C:\Users\javier.perezb\.m2\repository\commons-logging\commons-logging\1.1.3\commons-logging-1.1.3.jar;C:\Users\javier.perezb\.m2\repository\org\eclipse\emf\org.eclipse.emf.mwe2.lib\2.9.1.201705291010\org.eclipse.emf.mwe2.lib-2.9.1.201705291010.jar;C:\Users\javier.perezb\.m2\repository\com\ibm\icu\icu4j\52.1\icu4j-52.1.jar;C:\Users\javier.perezb\.m2\repository\org\eclipse\emf\org.eclipse.emf.mwe2.launch\2.9.1.201705291010\org.eclipse.emf.mwe2.launch-2.9.1.201705291010.jar;C:\Users\javier.perezb\.m2\repository\org\eclipse\emf\org.eclipse.emf.mwe2.runtime\2.9.1.201705291010\org.eclipse.emf.mwe2.runtime-2.9.1.201705291010.jar;C:\Users\javier.perezb\.m2\repository\org\eclipse\emf\org.eclipse.emf.mwe2.language\2.9.1.201705291010\org.eclipse.emf.mwe2.language-2.9.1.201705291010.jar;C:\Users\javier.perezb\.m2\repository\com\google\guava\guava\14.0.1\guava-14.0.1.jar;C:\Users\javier.perezb\.m2\repository\commons-cli\commons-cli\1.2\commons-cli-1.2.jar;C:\Users\javier.perezb\.m2\repository\org\apache\maven\surefire\surefire-junit-platform\2.22.1\surefire-junit-platform-2.22.1.jar;C:\Users\javier.perezb\.m2\repository\org\junit\platform\junit-platform-launcher\1.3.1\junit-platform-launcher-1.3.1.jar"/>
    <property name="java.vm.vendor" value="Oracle Corporation"/>
    <property name="sun.arch.data.model" value="64"/>
    <property name="user.variant" value=""/>
    <property name="java.vendor.url" value="http://java.oracle.com/"/>
    <property name="user.timezone" value="America/Mexico_City"/>
    <property name="java.vm.specification.version" value="1.8"/>
    <property name="os.name" value="Windows 10"/>
    <property name="user.country" value="MX"/>
    <property name="sun.java.launcher" value="SUN_STANDARD"/>
    <property name="sun.boot.library.path" value="C:\Program Files\Java\jdk1.8.0_191\jre\bin"/>
    <property name="sun.java.command" value="org.apache.maven.surefire.booter.ForkedBooter C:\Users\javier.perezb\AppData\Local\Temp\surefire7472301741614706277 2019-03-20T17-29-23_123-jvmRun1 surefire9131532206791421516tmp surefire_05232463781704879794tmp"/>
    <property name="surefire.test.class.path" value="C:\SOFTTEK\WorkSpaces\xtext-web-editor-jetty\com.softtek.Rdl.parent\com.softtek.Rdl\target\test-classes;C:\SOFTTEK\WorkSpaces\xtext-web-editor-jetty\com.softtek.Rdl.parent\com.softtek.Rdl\target\classes;C:\Users\javier.perezb\.m2\repository\org\junit\jupiter\junit-jupiter-api\5.3.1\junit-jupiter-api-5.3.1.jar;C:\Users\javier.perezb\.m2\repository\org\apiguardian\apiguardian-api\1.0.0\apiguardian-api-1.0.0.jar;C:\Users\javier.perezb\.m2\repository\org\opentest4j\opentest4j\1.1.1\opentest4j-1.1.1.jar;C:\Users\javier.perezb\.m2\repository\org\junit\platform\junit-platform-commons\1.3.1\junit-platform-commons-1.3.1.jar;C:\Users\javier.perezb\.m2\repository\org\junit\jupiter\junit-jupiter-engine\5.3.1\junit-jupiter-engine-5.3.1.jar;C:\Users\javier.perezb\.m2\repository\org\junit\platform\junit-platform-engine\1.3.1\junit-platform-engine-1.3.1.jar;C:\Users\javier.perezb\.m2\repository\org\eclipse\xtext\org.eclipse.xtext.testing\2.16.0\org.eclipse.xtext.testing-2.16.0.jar;C:\Users\javier.perezb\.m2\repository\org\eclipse\xtext\org.eclipse.xtext.ide\2.16.0\org.eclipse.xtext.ide-2.16.0.jar;C:\Users\javier.perezb\.m2\repository\org\eclipse\emf\org.eclipse.emf.ecore.change\2.11.0\org.eclipse.emf.ecore.change-2.11.0.jar;C:\Users\javier.perezb\.m2\repository\org\eclipse\lsp4j\org.eclipse.lsp4j\0.6.0\org.eclipse.lsp4j-0.6.0.jar;C:\Users\javier.perezb\.m2\repository\org\eclipse\lsp4j\org.eclipse.lsp4j.generator\0.6.0\org.eclipse.lsp4j.generator-0.6.0.jar;C:\Users\javier.perezb\.m2\repository\org\eclipse\lsp4j\org.eclipse.lsp4j.jsonrpc\0.6.0\org.eclipse.lsp4j.jsonrpc-0.6.0.jar;C:\Users\javier.perezb\.m2\repository\com\google\code\gson\gson\2.7\gson-2.7.jar;C:\Users\javier.perezb\.m2\repository\org\eclipse\xtext\org.eclipse.xtext.xbase.testing\2.16.0\org.eclipse.xtext.xbase.testing-2.16.0.jar;C:\Users\javier.perezb\.m2\repository\junit\junit\4.12\junit-4.12.jar;C:\Users\javier.perezb\.m2\repository\org\hamcrest\hamcrest-core\1.3\hamcrest-core-1.3.jar;C:\Users\javier.perezb\.m2\repository\org\eclipse\platform\org.eclipse.equinox.common\3.9.0\org.eclipse.equinox.common-3.9.0.jar;C:\Users\javier.perezb\.m2\repository\org\eclipse\platform\org.eclipse.core.runtime\3.13.0\org.eclipse.core.runtime-3.13.0.jar;C:\Users\javier.perezb\.m2\repository\org\eclipse\platform\org.eclipse.core.jobs\3.10.300\org.eclipse.core.jobs-3.10.300.jar;C:\Users\javier.perezb\.m2\repository\org\eclipse\platform\org.eclipse.equinox.registry\3.8.300\org.eclipse.equinox.registry-3.8.300.jar;C:\Users\javier.perezb\.m2\repository\org\eclipse\platform\org.eclipse.equinox.preferences\3.7.300\org.eclipse.equinox.preferences-3.7.300.jar;C:\Users\javier.perezb\.m2\repository\org\eclipse\platform\org.eclipse.core.contenttype\3.7.300\org.eclipse.core.contenttype-3.7.300.jar;C:\Users\javier.perezb\.m2\repository\org\eclipse\platform\org.eclipse.equinox.app\1.4.100\org.eclipse.equinox.app-1.4.100.jar;C:\Users\javier.perezb\.m2\repository\org\eclipse\jdt\org.eclipse.jdt.core\3.13.102\org.eclipse.jdt.core-3.13.102.jar;C:\Users\javier.perezb\.m2\repository\org\eclipse\platform\org.eclipse.core.resources\3.13.300\org.eclipse.core.resources-3.13.300.jar;C:\Users\javier.perezb\.m2\repository\org\eclipse\platform\org.eclipse.core.expressions\3.6.300\org.eclipse.core.expressions-3.6.300.jar;C:\Users\javier.perezb\.m2\repository\org\eclipse\platform\org.eclipse.core.filesystem\1.7.300\org.eclipse.core.filesystem-1.7.300.jar;C:\Users\javier.perezb\.m2\repository\org\eclipse\platform\org.eclipse.text\3.8.100\org.eclipse.text-3.8.100.jar;C:\Users\javier.perezb\.m2\repository\org\eclipse\platform\org.eclipse.core.commands\3.9.300\org.eclipse.core.commands-3.9.300.jar;C:\Users\javier.perezb\.m2\repository\org\eclipse\jdt\org.eclipse.jdt.compiler.apt\1.3.110\org.eclipse.jdt.compiler.apt-1.3.110.jar;C:\Users\javier.perezb\.m2\repository\org\eclipse\jdt\org.eclipse.jdt.compiler.tool\1.2.101\org.eclipse.jdt.compiler.tool-1.2.101.jar;C:\Users\javier.perezb\.m2\repository\org\eclipse\xtext\org.eclipse.xtext\2.16.0\org.eclipse.xtext-2.16.0.jar;C:\Users\javier.perezb\.m2\repository\org\eclipse\xtext\org.eclipse.xtext.util\2.16.0\org.eclipse.xtext.util-2.16.0.jar;C:\Users\javier.perezb\.m2\repository\org\eclipse\emf\org.eclipse.emf.ecore\2.12.0\org.eclipse.emf.ecore-2.12.0.jar;C:\Users\javier.perezb\.m2\repository\org\eclipse\xtend\org.eclipse.xtend.lib\2.16.0\org.eclipse.xtend.lib-2.16.0.jar;C:\Users\javier.perezb\.m2\repository\org\eclipse\xtext\org.eclipse.xtext.xbase.lib\2.16.0\org.eclipse.xtext.xbase.lib-2.16.0.jar;C:\Users\javier.perezb\.m2\repository\org\eclipse\xtend\org.eclipse.xtend.lib.macro\2.16.0\org.eclipse.xtend.lib.macro-2.16.0.jar;C:\Users\javier.perezb\.m2\repository\log4j\log4j\1.2.16\log4j-1.2.16.jar;C:\Users\javier.perezb\.m2\repository\org\eclipse\platform\org.eclipse.osgi\3.12.100\org.eclipse.osgi-3.12.100.jar;C:\Users\javier.perezb\.m2\repository\org\eclipse\emf\org.eclipse.emf.common\2.12.0\org.eclipse.emf.common-2.12.0.jar;C:\Users\javier.perezb\.m2\repository\org\eclipse\emf\org.eclipse.emf.ecore.xmi\2.12.0\org.eclipse.emf.ecore.xmi-2.12.0.jar;C:\Users\javier.perezb\.m2\repository\com\google\inject\guice\3.0\guice-3.0.jar;C:\Users\javier.perezb\.m2\repository\javax\inject\javax.inject\1\javax.inject-1.jar;C:\Users\javier.perezb\.m2\repository\aopalliance\aopalliance\1.0\aopalliance-1.0.jar;C:\Users\javier.perezb\.m2\repository\org\antlr\antlr-runtime\3.2\antlr-runtime-3.2.jar;C:\Users\javier.perezb\.m2\repository\org\eclipse\xtext\org.eclipse.xtext.xbase\2.16.0\org.eclipse.xtext.xbase-2.16.0.jar;C:\Users\javier.perezb\.m2\repository\org\eclipse\xtext\org.eclipse.xtext.common.types\2.16.0\org.eclipse.xtext.common.types-2.16.0.jar;C:\Users\javier.perezb\.m2\repository\org\ow2\asm\asm-commons\7.0\asm-commons-7.0.jar;C:\Users\javier.perezb\.m2\repository\org\ow2\asm\asm\7.0\asm-7.0.jar;C:\Users\javier.perezb\.m2\repository\org\ow2\asm\asm-tree\7.0\asm-tree-7.0.jar;C:\Users\javier.perezb\.m2\repository\org\ow2\asm\asm-analysis\7.0\asm-analysis-7.0.jar;C:\Users\javier.perezb\.m2\repository\org\eclipse\xtext\org.eclipse.xtext.xtext.generator\2.16.0\org.eclipse.xtext.xtext.generator-2.16.0.jar;C:\Users\javier.perezb\.m2\repository\org\eclipse\emf\org.eclipse.emf.codegen\2.11.0\org.eclipse.emf.codegen-2.11.0.jar;C:\Users\javier.perezb\.m2\repository\org\eclipse\emf\org.eclipse.emf.codegen.ecore\2.12.0\org.eclipse.emf.codegen.ecore-2.12.0.jar;C:\Users\javier.perezb\.m2\repository\org\eclipse\emf\org.eclipse.emf.mwe.utils\1.3.21.201705291010\org.eclipse.emf.mwe.utils-1.3.21.201705291010.jar;C:\Users\javier.perezb\.m2\repository\org\eclipse\emf\org.eclipse.emf.mwe.core\1.3.21.201705291010\org.eclipse.emf.mwe.core-1.3.21.201705291010.jar;C:\Users\javier.perezb\.m2\repository\commons-logging\commons-logging\1.1.3\commons-logging-1.1.3.jar;C:\Users\javier.perezb\.m2\repository\org\eclipse\emf\org.eclipse.emf.mwe2.lib\2.9.1.201705291010\org.eclipse.emf.mwe2.lib-2.9.1.201705291010.jar;C:\Users\javier.perezb\.m2\repository\com\ibm\icu\icu4j\52.1\icu4j-52.1.jar;C:\Users\javier.perezb\.m2\repository\org\eclipse\emf\org.eclipse.emf.mwe2.launch\2.9.1.201705291010\org.eclipse.emf.mwe2.launch-2.9.1.201705291010.jar;C:\Users\javier.perezb\.m2\repository\org\eclipse\emf\org.eclipse.emf.mwe2.runtime\2.9.1.201705291010\org.eclipse.emf.mwe2.runtime-2.9.1.201705291010.jar;C:\Users\javier.perezb\.m2\repository\org\eclipse\emf\org.eclipse.emf.mwe2.language\2.9.1.201705291010\org.eclipse.emf.mwe2.language-2.9.1.201705291010.jar;C:\Users\javier.perezb\.m2\repository\com\google\guava\guava\14.0.1\guava-14.0.1.jar;C:\Users\javier.perezb\.m2\repository\commons-cli\commons-cli\1.2\commons-cli-1.2.jar;"/>
    <property name="sun.cpu.endian" value="little"/>
    <property name="user.home" value="C:\Users\javier.perezb"/>
    <property name="user.language" value="es"/>
    <property name="java.specification.vendor" value="Oracle Corporation"/>
    <property name="java.home" value="C:\Program Files\Java\jdk1.8.0_191\jre"/>
    <property name="basedir" value="C:\SOFTTEK\WorkSpaces\xtext-web-editor-jetty\com.softtek.Rdl.parent\com.softtek.Rdl"/>
    <property name="file.separator" value="\"/>
    <property name="line.separator" value="&#10;"/>
    <property name="java.vm.specification.vendor" value="Oracle Corporation"/>
    <property name="java.specification.name" value="Java Platform API Specification"/>
    <property name="java.awt.graphicsenv" value="sun.awt.Win32GraphicsEnvironment"/>
    <property name="sun.boot.class.path" value="C:\Program Files\Java\jdk1.8.0_191\jre\lib\resources.jar;C:\Program Files\Java\jdk1.8.0_191\jre\lib\rt.jar;C:\Program Files\Java\jdk1.8.0_191\jre\lib\sunrsasign.jar;C:\Program Files\Java\jdk1.8.0_191\jre\lib\jsse.jar;C:\Program Files\Java\jdk1.8.0_191\jre\lib\jce.jar;C:\Program Files\Java\jdk1.8.0_191\jre\lib\charsets.jar;C:\Program Files\Java\jdk1.8.0_191\jre\lib\jfr.jar;C:\Program Files\Java\jdk1.8.0_191\jre\classes"/>
    <property name="user.script" value=""/>
    <property name="sun.management.compiler" value="HotSpot 64-Bit Tiered Compilers"/>
    <property name="java.runtime.version" value="1.8.0_191-b12"/>
    <property name="user.name" value="javier.perezb"/>
    <property name="path.separator" value=";"/>
    <property name="os.version" value="10.0"/>
    <property name="java.endorsed.dirs" value="C:\Program Files\Java\jdk1.8.0_191\jre\lib\endorsed"/>
    <property name="java.runtime.name" value="Java(TM) SE Runtime Environment"/>
    <property name="file.encoding" value="Cp1252"/>
    <property name="java.vm.name" value="Java HotSpot(TM) 64-Bit Server VM"/>
    <property name="localRepository" value="C:\Users\javier.perezb\.m2\repository"/>
    <property name="java.vendor.url.bug" value="http://bugreport.sun.com/bugreport/"/>
    <property name="java.io.tmpdir" value="C:\Users\JAVIER~1.PER\AppData\Local\Temp\"/>
    <property name="java.version" value="1.8.0_191"/>
    <property name="user.dir" value="C:\SOFTTEK\WorkSpaces\xtext-web-editor-jetty\com.softtek.Rdl.parent\com.softtek.Rdl"/>
    <property name="os.arch" value="amd64"/>
    <property name="java.vm.specification.name" value="Java Virtual Machine Specification"/>
    <property name="java.awt.printerjob" value="sun.awt.windows.WPrinterJob"/>
    <property name="sun.os.patch.level" value=""/>
    <property name="java.library.path" value="C:\Program Files\Java\jdk1.8.0_191\jre\bin;C:\Windows\Sun\Java\bin;C:\Windows\system32;C:\Windows;C:\Program Files (x86)\Common Files\Oracle\Java\javapath;C:\Windows\system32;C:\Windows;C:\Windows\System32\Wbem;C:\Windows\System32\WindowsPowerShell\v1.0\;C:\Windows\System32\OpenSSH\;C:\Program Files\nodejs\;C:\Program Files\Git\cmd;C:\Program Files\Java\jdk1.8.0_191\bin;C:\Program Files (x86)\MySQL\MySQL Utilities 1.6\;C:\SOFTTEK\Instalables\apache-maven-3.6.0\bin;C:\HashiCorp\Vagrant\bin;C:\Program Files\Intel\WiFi\bin\;C:\Program Files\Common Files\Intel\WirelessCommon\;C:\Users\javier.perezb\AppData\Local\Microsoft\WindowsApps;C:\Users\javier.perezb\AppData\Roaming\npm;C:\Users\javier.perezb\AppData\Local\Programs\Microsoft VS Code\bin;."/>
    <property name="java.vm.info" value="mixed mode"/>
    <property name="java.vendor" value="Oracle Corporation"/>
    <property name="java.vm.version" value="25.191-b12"/>
    <property name="java.ext.dirs" value="C:\Program Files\Java\jdk1.8.0_191\jre\lib\ext;C:\Windows\Sun\Java\lib\ext"/>
    <property name="sun.io.unicode.encoding" value="UnicodeLittle"/>
    <property name="java.class.version" value="52.0"/>
  </properties>
  <testcase name="loadModel" classname="com.softtek.tests.RdlParsingTest" time="5.411"/>
</testsuite>